#
# A fatal error has been detected by the Java Runtime Environment:
#
#  EXCEPTION_ACCESS_VIOLATION (0xc0000005) at pc=0x00007ff8cf5c2b60, pid=5328, tid=8532
#
# JRE version: OpenJDK Runtime Environment Temurin-17.0.6+10 (17.0.6+10) (build 17.0.6+10)
# Java VM: OpenJDK 64-Bit Server VM Temurin-17.0.6+10 (17.0.6+10, mixed mode, sharing, tiered, compressed oops, compressed class ptrs, g1 gc, windows-amd64)
# Problematic frame:
# C  [atio6axx.dll+0x192b60]
#
# No core dump will be written. Minidumps are not enabled by default on client versions of Windows
#
# If you would like to submit a bug report, please visit:
#   https://github.com/adoptium/adoptium-support/issues
# The crash happened outside the Java Virtual Machine in native code.
# See problematic frame for where to report the bug.
#

---------------  S U M M A R Y ------------

Command Line: -Dforge.logging.console.level=debug -Dforge.logging.markers=REGISTRIES -DlegacyClassPath.file=C:\Users\Test\Documents\GrinnersMobs\build\classpath\runClient_minecraftClasspath.txt -DignoreList=bootstraplauncher,securejarhandler,asm-commons,asm-util,asm-analysis,asm-tree,asm,JarJarFileSystems,client-extra,fmlcore,javafmllanguage,lowcodelanguage,mclanguage,forge- -DmergeModules=jna-5.10.0.jar,jna-platform-5.10.0.jar -Dforge.enabledGameTestNamespaces=grinnersmobs -Dforge.enableGameTest=true -Djava.net.preferIPv6Addresses=system --module-path=C:\Users\Test\.gradle\caches\modules-2\files-2.1\cpw.mods\bootstraplauncher\1.1.2\c546e00443d8432cda6baa1c860346980742628\bootstraplauncher-1.1.2.jar;C:\Users\Test\.gradle\caches\modules-2\files-2.1\cpw.mods\securejarhandler\2.1.4\f47e3b9dd860a7b82154b8f90a650ffd0aaa5582\securejarhandler-2.1.4.jar;C:\Users\Test\.gradle\caches\modules-2\files-2.1\org.ow2.asm\asm-commons\9.3\1f2a432d1212f5c352ae607d7b61dcae20c20af5\asm-commons-9.3.jar;C:\Users\Test\.gradle\caches\modules-2\files-2.1\org.ow2.asm\asm-util\9.3\9595bc05510d0bd4b610188b77333fe4851a1975\asm-util-9.3.jar;C:\Users\Test\.gradle\caches\modules-2\files-2.1\org.ow2.asm\asm-analysis\9.3\4b071f211b37c38e0e9f5998550197c8593f6ad8\asm-analysis-9.3.jar;C:\Users\Test\.gradle\caches\modules-2\files-2.1\org.ow2.asm\asm-tree\9.3\78d2ecd61318b5a58cd04fb237636c0e86b77d97\asm-tree-9.3.jar;C:\Users\Test\.gradle\caches\modules-2\files-2.1\org.ow2.asm\asm\9.3\8e6300ef51c1d801a7ed62d07cd221aca3a90640\asm-9.3.jar;C:\Users\Test\.gradle\caches\modules-2\files-2.1\net.minecraftforge\JarJarFileSystems\0.3.16\e52afbb2599dc7c6f779efea0496d32fc01152e3\JarJarFileSystems-0.3.16.jar --add-modules=ALL-MODULE-PATH --add-opens=java.base/java.util.jar=cpw.mods.securejarhandler --add-opens=java.base/java.lang.invoke=cpw.mods.securejarhandler --add-exports=java.base/sun.security.util=cpw.mods.securejarhandler --add-exports=jdk.naming.dns/com.sun.jndi.dns=java.naming -XX:HeapDumpPath=MojangTricksIntelDriversForPerformance_javaw.exe_minecraft.exe.heapdump -Dos.name=Windows 10 -Dos.version=10.0 -javaagent:C:\Program Files\JetBrains\IntelliJ IDEA Community Edition 2022.3.1\lib\idea_rt.jar=62278:C:\Program Files\JetBrains\IntelliJ IDEA Community Edition 2022.3.1\bin -Dfile.encoding=UTF-8 cpw.mods.bootstraplauncher.BootstrapLauncher --launchTarget forgeclientuserdev --version MOD_DEV --assetIndex 1.19 --assetsDir C:\Users\Test\.gradle\caches\forge_gradle\assets --gameDir . --fml.forgeVersion 43.2.0 --fml.mcVersion 1.19.2 --fml.forgeGroup net.minecraftforge --fml.mcpVersion 20220805.130853

Host: AMD Ryzen 7 3700X 8-Core Processor             , 16 cores, 31G,  Windows 11 , 64 bit Build 22621 (10.0.22621.1105)
Time: Sat Jan 28 11:31:53 2023 AUS Eastern Summer Time elapsed time: 11.512967 seconds (0d 0h 0m 11s)

---------------  T H R E A D  ---------------

Current thread (0x0000018ff9f84b80):  JavaThread "Render thread" [_thread_in_native, id=8532, stack(0x0000006bcf300000,0x0000006bcf400000)]

Stack: [0x0000006bcf300000,0x0000006bcf400000],  sp=0x0000006bcf3faca8,  free space=1003k
Native frames: (J=compiled Java code, j=interpreted, Vv=VM code, C=native code)
C  [atio6axx.dll+0x192b60]

Java frames: (J=compiled Java code, j=interpreted, Vv=VM code)
j  org.lwjgl.system.JNI.invokePPPP(IIJJJJ)J+0 org.lwjgl@3.3.1+7
j  org.lwjgl.glfw.GLFW.nglfwCreateWindow(IIJJJ)J+14 org.lwjgl.glfw@3.3.1+7
j  org.lwjgl.glfw.GLFW.glfwCreateWindow(IILjava/lang/CharSequence;JJ)J+34 org.lwjgl.glfw@3.3.1+7
j  net.minecraftforge.client.loading.NoVizFallback.lambda$fallback$0(Ljava/util/function/IntSupplier;Ljava/util/function/IntSupplier;Ljava/util/function/Supplier;Ljava/util/function/LongSupplier;)J+28 forge@43.2.0
j  net.minecraftforge.client.loading.NoVizFallback$$Lambda$4159+0x000000080163cf88.getAsLong()J+16 forge@43.2.0
j  net.minecraftforge.fml.loading.progress.EarlyProgressVisualization$Visualization$$Lambda$4160+0x000000080163a8b0.apply(Ljava/lang/Object;)Ljava/lang/Object;+4 fmlloader@1.19.2-43.2.0
J 2691 c2 java.util.Optional.map(Ljava/util/function/Function;)Ljava/util/Optional; java.base@17.0.6 (30 bytes) @ 0x0000018f8f7a3bfc [0x0000018f8f7a3ba0+0x000000000000005c]
j  net.minecraftforge.fml.loading.progress.EarlyProgressVisualization$Visualization.handOffWindow(Ljava/util/function/IntSupplier;Ljava/util/function/IntSupplier;Ljava/util/function/Supplier;Ljava/util/function/LongSupplier;)J+48 fmlloader@1.19.2-43.2.0
j  net.minecraftforge.fml.loading.progress.EarlyProgressVisualization.handOffWindow(Ljava/util/function/IntSupplier;Ljava/util/function/IntSupplier;Ljava/util/function/Supplier;Ljava/util/function/LongSupplier;)J+9 fmlloader@1.19.2-43.2.0
j  com.mojang.blaze3d.platform.Window.<init>(Lcom/mojang/blaze3d/platform/WindowEventHandler;Lcom/mojang/blaze3d/platform/ScreenManager;Lcom/mojang/blaze3d/platform/DisplayData;Ljava/lang/String;Ljava/lang/String;)V+279 minecraft@1.19.2
j  net.minecraft.client.renderer.VirtualScreen.newWindow(Lcom/mojang/blaze3d/platform/DisplayData;Ljava/lang/String;Ljava/lang/String;)Lcom/mojang/blaze3d/platform/Window;+15 minecraft@1.19.2
j  net.minecraft.client.Minecraft.<init>(Lnet/minecraft/client/main/GameConfig;)V+723 minecraft@1.19.2
j  net.minecraft.client.main.Main.run([Ljava/lang/String;Z)V+1356 minecraft@1.19.2
j  net.minecraft.client.main.Main.main([Ljava/lang/String;)V+12 minecraft@1.19.2
v  ~StubRoutines::call_stub
j  jdk.internal.reflect.NativeMethodAccessorImpl.invoke0(Ljava/lang/reflect/Method;Ljava/lang/Object;[Ljava/lang/Object;)Ljava/lang/Object;+0 java.base@17.0.6
j  jdk.internal.reflect.NativeMethodAccessorImpl.invoke(Ljava/lang/Object;[Ljava/lang/Object;)Ljava/lang/Object;+133 java.base@17.0.6
j  jdk.internal.reflect.DelegatingMethodAccessorImpl.invoke(Ljava/lang/Object;[Ljava/lang/Object;)Ljava/lang/Object;+6 java.base@17.0.6
j  java.lang.reflect.Method.invoke(Ljava/lang/Object;[Ljava/lang/Object;)Ljava/lang/Object;+59 java.base@17.0.6
j  net.minecraftforge.fml.loading.targets.ForgeClientUserdevLaunchHandler.lambda$launchService$0([Ljava/lang/String;Ljava/lang/ModuleLayer;)V+47 fmlloader@1.19.2-43.2.0
j  net.minecraftforge.fml.loading.targets.ForgeClientUserdevLaunchHandler$$Lambda$866+0x0000000800fb1a48.run()V+12 fmlloader@1.19.2-43.2.0
j  cpw.mods.modlauncher.LaunchServiceHandlerDecorator.launch([Ljava/lang/String;Ljava/lang/ModuleLayer;)V+11 cpw.mods.modlauncher@10.0.8
j  cpw.mods.modlauncher.LaunchServiceHandler.launch(Ljava/lang/String;[Ljava/lang/String;Ljava/lang/ModuleLayer;Lcpw/mods/modlauncher/TransformingClassLoader;Lcpw/mods/modlauncher/LaunchPluginHandler;)V+58 cpw.mods.modlauncher@10.0.8
j  cpw.mods.modlauncher.LaunchServiceHandler.launch(Lcpw/mods/modlauncher/ArgumentHandler;Ljava/lang/ModuleLayer;Lcpw/mods/modlauncher/TransformingClassLoader;Lcpw/mods/modlauncher/LaunchPluginHandler;)V+21 cpw.mods.modlauncher@10.0.8
j  cpw.mods.modlauncher.Launcher.run([Ljava/lang/String;)V+310 cpw.mods.modlauncher@10.0.8
j  cpw.mods.modlauncher.Launcher.main([Ljava/lang/String;)V+78 cpw.mods.modlauncher@10.0.8
j  cpw.mods.modlauncher.BootstrapLaunchConsumer.accept([Ljava/lang/String;)V+1 cpw.mods.modlauncher@10.0.8
j  cpw.mods.modlauncher.BootstrapLaunchConsumer.accept(Ljava/lang/Object;)V+5 cpw.mods.modlauncher@10.0.8
j  cpw.mods.bootstraplauncher.BootstrapLauncher.main([Ljava/lang/String;)V+515 cpw.mods.bootstraplauncher@1.1.2
v  ~StubRoutines::call_stub

siginfo: EXCEPTION_ACCESS_VIOLATION (0xc0000005), reading address 0xffffffffffffffff


Register to memory mapping:

RIP=0x00007ff8cf5c2b60 atio6axx.dll
RAX=0x0 is NULL
RBX=0x00007ff8d2e033b0 atio6axx.dll
RCX=0x74616e2d312e332e is an unknown value
RDX=0x00000000000000d1 is an unknown value
RSP=0x0000006bcf3faca8 is pointing into the stack for thread: 0x0000018ff9f84b80
RBP=0x0000006bcf3fae10 is pointing into the stack for thread: 0x0000018ff9f84b80
RSI=0x00007ff8d2d12d40 atio6axx.dll
RDI=0x0000006bcf3fb100 is pointing into the stack for thread: 0x0000018ff9f84b80
R8 =0x00000000000001a5 is an unknown value
R9 =0x74616e2d312e332e is an unknown value
R10=0x0 is NULL
R11=0x0000000000000200 is an unknown value
R12=0x00007ff8d2e03408 atio6axx.dll
R13=0x00007ff8d2e05c08 atio6axx.dll
R14=0x00007ff8d2e033b0 atio6axx.dll
R15=0x0 is NULL


Registers:
RAX=0x0000000000000000, RBX=0x00007ff8d2e033b0, RCX=0x74616e2d312e332e, RDX=0x00000000000000d1
RSP=0x0000006bcf3faca8, RBP=0x0000006bcf3fae10, RSI=0x00007ff8d2d12d40, RDI=0x0000006bcf3fb100
R8 =0x00000000000001a5, R9 =0x74616e2d312e332e, R10=0x0000000000000000, R11=0x0000000000000200
R12=0x00007ff8d2e03408, R13=0x00007ff8d2e05c08, R14=0x00007ff8d2e033b0, R15=0x0000000000000000
RIP=0x00007ff8cf5c2b60, EFLAGS=0x0000000000010202

Top of Stack: (sp=0x0000006bcf3faca8)
0x0000006bcf3faca8:   00007ff8cf5c2e7c 00007ff8d2e06020
0x0000006bcf3facb8:   0000018faaf42be8 0000000000000000
0x0000006bcf3facc8:   00007ff8cf5c3e8d 0000006bcf3fb100
0x0000006bcf3facd8:   00007ff8cf57f484 00007ff8d2e033b0
0x0000006bcf3face8:   00007ff8d2d12d40 0000652e6176616a
0x0000006bcf3facf8:   0000e5dbe14c7a4f 0000006bcf3fb100
0x0000006bcf3fad08:   00007ff8cf580457 00007ff8d2e033b8
0x0000006bcf3fad18:   00007ff8d2d12d40 00007ff8d2d12d40
0x0000006bcf3fad28:   0000000000000000 00007ff8d2e033b0
0x0000006bcf3fad38:   00007ff900000000 0000000000000009
0x0000006bcf3fad48:   0000018fb04f178c 0000018fb04f18e8
0x0000006bcf3fad58:   00007ff8d2e033b8 0000006bcf3fb100
0x0000006bcf3fad68:   0000006bcf3faeb7 00007f006176616a
0x0000006bcf3fad78:   00007f006176616a 46676e697274535c
0x0000006bcf3fad88:   5c6f666e49656c69 3062343039303430
0x0000006bcf3fad98:   726556656c69465c 000000006e6f6973 

Instructions: (pc=0x00007ff8cf5c2b60)
0x00007ff8cf5c2a60:   74 09 33 c9 ff 15 e6 89 66 03 90 48 8b c3 48 83
0x00007ff8cf5c2a70:   c4 20 5b c3 cc cc cc cc cc cc cc cc cc cc cc cc
0x00007ff8cf5c2a80:   48 83 ec 28 48 8b 51 08 48 85 d2 74 09 33 c9 ff
0x00007ff8cf5c2a90:   15 bb 89 66 03 90 48 83 c4 28 c3 cc cc cc cc cc
0x00007ff8cf5c2aa0:   48 89 11 c3 cc cc cc cc cc cc cc cc cc cc cc cc
0x00007ff8cf5c2ab0:   48 8b c1 c3 cc cc cc cc cc cc cc cc cc cc cc cc
0x00007ff8cf5c2ac0:   48 3b ca 74 10 41 8b 00 39 01 74 09 48 83 c1 04
0x00007ff8cf5c2ad0:   48 3b ca 75 f3 48 8b c1 c3 cc cc cc cc cc cc cc
0x00007ff8cf5c2ae0:   48 8b c1 c3 cc cc cc cc cc cc cc cc cc cc cc cc
0x00007ff8cf5c2af0:   48 83 39 00 0f 94 c0 c3 cc cc cc cc cc cc cc cc
0x00007ff8cf5c2b00:   4c 8d 04 d5 00 00 00 00 33 d2 e9 c1 d0 dd 01 cc
0x00007ff8cf5c2b10:   4c 8b 41 08 48 8b 02 49 89 00 48 83 41 08 08 c3
0x00007ff8cf5c2b20:   48 8b c1 c3 cc cc cc cc cc cc cc cc cc cc cc cc
0x00007ff8cf5c2b30:   48 8b c1 c3 cc cc cc cc cc cc cc cc cc cc cc cc
0x00007ff8cf5c2b40:   49 8b 00 48 89 02 c3 cc cc cc cc cc cc cc cc cc
0x00007ff8cf5c2b50:   8b 81 40 39 00 00 c3 cc cc cc cc cc cc cc cc cc
0x00007ff8cf5c2b60:   8b 81 40 39 00 00 83 c0 f0 83 f8 67 0f 87 5a 01
0x00007ff8cf5c2b70:   00 00 48 8d 15 87 d4 e6 ff 0f b6 84 02 f0 2c 19
0x00007ff8cf5c2b80:   00 8b 8c 82 d0 2c 19 00 48 03 ca ff e1 48 8b 0d
0x00007ff8cf5c2b90:   6c 6f 7e 03 83 b9 b4 34 00 00 02 0f 87 2b 01 00
0x00007ff8cf5c2ba0:   00 48 8d 91 0c 29 00 00 c7 02 e1 00 00 00 e9 ce
0x00007ff8cf5c2bb0:   00 00 00 48 8b 0d 46 6f 7e 03 83 b9 b4 34 00 00
0x00007ff8cf5c2bc0:   02 0f 87 05 01 00 00 48 8d 91 0c 29 00 00 c7 02
0x00007ff8cf5c2bd0:   f0 00 00 00 e9 a8 00 00 00 48 8b 0d 20 6f 7e 03
0x00007ff8cf5c2be0:   83 b9 b4 34 00 00 02 0f 87 df 00 00 00 48 8d 91
0x00007ff8cf5c2bf0:   0c 29 00 00 c7 02 00 04 00 00 e9 82 00 00 00 48
0x00007ff8cf5c2c00:   8b 0d fa 6e 7e 03 83 b9 b4 34 00 00 02 0f 87 b9
0x00007ff8cf5c2c10:   00 00 00 48 8d 91 0c 29 00 00 c7 02 00 08 00 00
0x00007ff8cf5c2c20:   eb 5f 48 8b 0d d7 6e 7e 03 83 b9 b4 34 00 00 02
0x00007ff8cf5c2c30:   0f 87 96 00 00 00 48 8d 91 0c 29 00 00 c7 02 00
0x00007ff8cf5c2c40:   09 00 00 eb 3c 48 8b 0d b4 6e 7e 03 83 b9 b4 34
0x00007ff8cf5c2c50:   00 00 02 77 77 48 8d 91 0c 29 00 00 c7 02 3c 0f 


Stack slot to memory mapping:
stack at sp + 0 slots: 0x00007ff8cf5c2e7c atio6axx.dll
stack at sp + 1 slots: 0x00007ff8d2e06020 atio6axx.dll
stack at sp + 2 slots: 0x0000018faaf42be8 points into unknown readable memory: 0x00007ff8d260f5b0 | b0 f5 60 d2 f8 7f 00 00
stack at sp + 3 slots: 0x0 is NULL
stack at sp + 4 slots: 0x00007ff8cf5c3e8d atio6axx.dll
stack at sp + 5 slots: 0x0000006bcf3fb100 is pointing into the stack for thread: 0x0000018ff9f84b80
stack at sp + 6 slots: 0x00007ff8cf57f484 atio6axx.dll
stack at sp + 7 slots: 0x00007ff8d2e033b0 atio6axx.dll


---------------  P R O C E S S  ---------------

Threads class SMR info:
_java_thread_list=0x0000018fa9483be0, length=26, elements={
0x0000018ff9f84b80, 0x0000018ffda724f0, 0x0000018ffda72ea0, 0x0000018ffda8af70,
0x0000018ffda8b920, 0x0000018ffda8c2d0, 0x0000018ffda8dc90, 0x0000018ffda91120,
0x0000018ffda928c0, 0x0000018ffda967b0, 0x0000018fa7370a80, 0x0000018fa7401600,
0x0000018fa743bed0, 0x0000018fa743f120, 0x0000018fa8168f00, 0x0000018fa84b9980,
0x0000018fa86618b0, 0x0000018fa87180d0, 0x0000018fa8583750, 0x0000018fa8584470,
0x0000018fa8584d90, 0x0000018fa8830110, 0x0000018fad17fb80, 0x0000018fa86613d0,
0x0000018faa233560, 0x0000018facbf6fa0
}

Java Threads: ( => current thread )
=>0x0000018ff9f84b80 JavaThread "Render thread" [_thread_in_native, id=8532, stack(0x0000006bcf300000,0x0000006bcf400000)]
  0x0000018ffda724f0 JavaThread "Reference Handler" daemon [_thread_blocked, id=21624, stack(0x0000006bcfa00000,0x0000006bcfb00000)]
  0x0000018ffda72ea0 JavaThread "Finalizer" daemon [_thread_blocked, id=3828, stack(0x0000006bcfb00000,0x0000006bcfc00000)]
  0x0000018ffda8af70 JavaThread "Signal Dispatcher" daemon [_thread_blocked, id=10404, stack(0x0000006bcfc00000,0x0000006bcfd00000)]
  0x0000018ffda8b920 JavaThread "Attach Listener" daemon [_thread_blocked, id=22112, stack(0x0000006bcfd00000,0x0000006bcfe00000)]
  0x0000018ffda8c2d0 JavaThread "Service Thread" daemon [_thread_blocked, id=6616, stack(0x0000006bcfe00000,0x0000006bcff00000)]
  0x0000018ffda8dc90 JavaThread "Monitor Deflation Thread" daemon [_thread_blocked, id=9468, stack(0x0000006bcff00000,0x0000006bd0000000)]
  0x0000018ffda91120 JavaThread "C2 CompilerThread0" daemon [_thread_blocked, id=6780, stack(0x0000006bd0000000,0x0000006bd0100000)]
  0x0000018ffda928c0 JavaThread "C1 CompilerThread0" daemon [_thread_blocked, id=7156, stack(0x0000006bd0100000,0x0000006bd0200000)]
  0x0000018ffda967b0 JavaThread "Sweeper thread" daemon [_thread_blocked, id=13320, stack(0x0000006bd0200000,0x0000006bd0300000)]
  0x0000018fa7370a80 JavaThread "C1 CompilerThread1" daemon [_thread_blocked, id=11692, stack(0x0000006bd0300000,0x0000006bd0400000)]
  0x0000018fa7401600 JavaThread "Common-Cleaner" daemon [_thread_blocked, id=19412, stack(0x0000006bd0400000,0x0000006bd0500000)]
  0x0000018fa743bed0 JavaThread "C1 CompilerThread2" daemon [_thread_blocked, id=8564, stack(0x0000006bd0500000,0x0000006bd0600000)]
  0x0000018fa743f120 JavaThread "C2 CompilerThread1" daemon [_thread_blocked, id=21816, stack(0x0000006bd0600000,0x0000006bd0700000)]
  0x0000018fa8168f00 JavaThread "Monitor Ctrl-Break" daemon [_thread_in_native, id=392, stack(0x0000006bd0700000,0x0000006bd0800000)]
  0x0000018fa84b9980 JavaThread "Notification Thread" daemon [_thread_blocked, id=5692, stack(0x0000006bd0800000,0x0000006bd0900000)]
  0x0000018fa86618b0 JavaThread "C1 CompilerThread3" daemon [_thread_blocked, id=348, stack(0x0000006bd0a00000,0x0000006bd0b00000)]
  0x0000018fa87180d0 JavaThread "C2 CompilerThread2" daemon [_thread_blocked, id=10812, stack(0x0000006bd0b00000,0x0000006bd0c00000)]
  0x0000018fa8583750 JavaThread "C2 CompilerThread3" daemon [_thread_blocked, id=5920, stack(0x0000006bd1700000,0x0000006bd1800000)]
  0x0000018fa8584470 JavaThread "C2 CompilerThread4" daemon [_thread_blocked, id=5348, stack(0x0000006bd1800000,0x0000006bd1900000)]
  0x0000018fa8584d90 JavaThread "C2 CompilerThread5" daemon [_thread_blocked, id=6552, stack(0x0000006bd1900000,0x0000006bd1a00000)]
  0x0000018fa8830110 JavaThread "C2 CompilerThread6" daemon [_thread_blocked, id=12012, stack(0x0000006bd1a00000,0x0000006bd1b00000)]
  0x0000018fad17fb80 JavaThread "Thread-0" daemon [_thread_blocked, id=22232, stack(0x0000006bd1b00000,0x0000006bd1c00000)]
  0x0000018fa86613d0 JavaThread "FileSystemWatchService" daemon [_thread_in_native, id=23248, stack(0x0000006bd1c00000,0x0000006bd1d00000)]
  0x0000018faa233560 JavaThread "pool-2-thread-1" daemon [_thread_blocked, id=6984, stack(0x0000006bd2500000,0x0000006bd2600000)]
  0x0000018facbf6fa0 JavaThread "Timer hack thread" daemon [_thread_blocked, id=7876, stack(0x0000006bd1d00000,0x0000006bd1e00000)]

Other Threads:
  0x0000018ffda6d2e0 VMThread "VM Thread" [stack: 0x0000006bcf900000,0x0000006bcfa00000] [id=23548]
  0x0000018fa829b170 WatcherThread [stack: 0x0000006bd0900000,0x0000006bd0a00000] [id=15668]
  0x0000018ff9ff0a80 GCTaskThread "GC Thread#0" [stack: 0x0000006bcf400000,0x0000006bcf500000] [id=7496]
  0x0000018fa86ed970 GCTaskThread "GC Thread#1" [stack: 0x0000006bd0c00000,0x0000006bd0d00000] [id=22388]
  0x0000018fa86edc20 GCTaskThread "GC Thread#2" [stack: 0x0000006bd0d00000,0x0000006bd0e00000] [id=10252]
  0x0000018fa86eded0 GCTaskThread "GC Thread#3" [stack: 0x0000006bd0e00000,0x0000006bd0f00000] [id=16100]
  0x0000018fa85babc0 GCTaskThread "GC Thread#4" [stack: 0x0000006bd0f00000,0x0000006bd1000000] [id=9640]
  0x0000018fa85bb080 GCTaskThread "GC Thread#5" [stack: 0x0000006bd1000000,0x0000006bd1100000] [id=5796]
  0x0000018fa85bbfd0 GCTaskThread "GC Thread#6" [stack: 0x0000006bd1100000,0x0000006bd1200000] [id=20912]
  0x0000018fa85bc700 GCTaskThread "GC Thread#7" [stack: 0x0000006bd1200000,0x0000006bd1300000] [id=3340]
  0x0000018fa85bcdc0 GCTaskThread "GC Thread#8" [stack: 0x0000006bd1300000,0x0000006bd1400000] [id=21372]
  0x0000018fa85bd070 GCTaskThread "GC Thread#9" [stack: 0x0000006bd1400000,0x0000006bd1500000] [id=11816]
  0x0000018fa85f4560 GCTaskThread "GC Thread#10" [stack: 0x0000006bd1500000,0x0000006bd1600000] [id=2676]
  0x0000018fa85f50a0 GCTaskThread "GC Thread#11" [stack: 0x0000006bd1600000,0x0000006bd1700000] [id=20336]
  0x0000018faf834da0 GCTaskThread "GC Thread#12" [stack: 0x0000006bd1e00000,0x0000006bd1f00000] [id=17532]
  0x0000018ff7d4dfc0 ConcurrentGCThread "G1 Main Marker" [stack: 0x0000006bcf500000,0x0000006bcf600000] [id=22612]
  0x0000018ff7d4e770 ConcurrentGCThread "G1 Conc#0" [stack: 0x0000006bcf600000,0x0000006bcf700000] [id=3592]
  0x0000018faf833d80 ConcurrentGCThread "G1 Conc#1" [stack: 0x0000006bd2300000,0x0000006bd2400000] [id=11112]
  0x0000018faf834030 ConcurrentGCThread "G1 Conc#2" [stack: 0x0000006bd2400000,0x0000006bd2500000] [id=6300]
  0x0000018ffa01e7d0 ConcurrentGCThread "G1 Refine#0" [stack: 0x0000006bcf700000,0x0000006bcf800000] [id=21052]
  0x0000018fab6905a0 ConcurrentGCThread "G1 Refine#1" [stack: 0x0000006bd1f00000,0x0000006bd2000000] [id=9528]
  0x0000018fab690e40 ConcurrentGCThread "G1 Refine#2" [stack: 0x0000006bd2000000,0x0000006bd2100000] [id=4880]
  0x0000018fab691120 ConcurrentGCThread "G1 Refine#3" [stack: 0x0000006bd2100000,0x0000006bd2200000] [id=14796]
  0x0000018fab691400 ConcurrentGCThread "G1 Refine#4" [stack: 0x0000006bd2200000,0x0000006bd2300000] [id=22032]
  0x0000018fa8fcb0d0 ConcurrentGCThread "G1 Refine#5" [stack: 0x0000006bd2900000,0x0000006bd2a00000] [id=12228]
  0x0000018ffd9b0380 ConcurrentGCThread "G1 Service" [stack: 0x0000006bcf800000,0x0000006bcf900000] [id=21232]

Threads with active compile tasks:

VM state: not at safepoint (normal execution)

VM Mutex/Monitor currently owned by a thread: None

Heap address: 0x0000000600c00000, size: 8180 MB, Compressed Oops mode: Zero based, Oop shift amount: 3

CDS archive(s) mapped at: [0x0000000800000000-0x0000000800bc0000-0x0000000800bc0000), size 12320768, SharedBaseAddress: 0x0000000800000000, ArchiveRelocationMode: 0.
Compressed class space mapped at: 0x0000000800c00000-0x0000000840c00000, reserved size: 1073741824
Narrow klass base: 0x0000000800000000, Narrow klass shift: 0, Narrow klass range: 0x100000000

GC Precious Log:
 CPUs: 16 total, 16 available
 Memory: 32716M
 Large Page Support: Disabled
 NUMA Support: Disabled
 Compressed Oops: Enabled (Zero based)
 Heap Region Size: 4M
 Heap Min Capacity: 8M
 Heap Initial Capacity: 512M
 Heap Max Capacity: 8180M
 Pre-touch: Disabled
 Parallel Workers: 13
 Concurrent Workers: 3
 Concurrent Refinement Workers: 13
 Periodic GC: Disabled

Heap:
 garbage-first heap   total 389120K, used 259792K [0x0000000600c00000, 0x0000000800000000)
  region size 4096K, 25 young (102400K), 1 survivors (4096K)
 Metaspace       used 65204K, committed 66368K, reserved 1105920K
  class space    used 9777K, committed 10304K, reserved 1048576K

Heap Regions: E=young(eden), S=young(survivor), O=old, HS=humongous(starts), HC=humongous(continues), CS=collection set, F=free, OA=open archive, CA=closed archive, TAMS=top-at-mark-start (previous, next)
|   0|0x0000000600c00000, 0x0000000601000000, 0x0000000601000000|100%| O|  |TAMS 0x0000000601000000, 0x0000000600c00000| Untracked 
|   1|0x0000000601000000, 0x0000000601400000, 0x0000000601400000|100%| O|  |TAMS 0x0000000601400000, 0x0000000601000000| Untracked 
|   2|0x0000000601400000, 0x0000000601800000, 0x0000000601800000|100%| O|  |TAMS 0x0000000601800000, 0x0000000601400000| Untracked 
|   3|0x0000000601800000, 0x0000000601c00000, 0x0000000601c00000|100%| O|  |TAMS 0x0000000601c00000, 0x0000000601800000| Untracked 
|   4|0x0000000601c00000, 0x0000000602000000, 0x0000000602000000|100%| O|  |TAMS 0x0000000602000000, 0x0000000601c00000| Untracked 
|   5|0x0000000602000000, 0x0000000602400000, 0x0000000602400000|100%| O|  |TAMS 0x0000000602400000, 0x0000000602000000| Untracked 
|   6|0x0000000602400000, 0x0000000602800000, 0x0000000602800000|100%| O|  |TAMS 0x0000000602800000, 0x0000000602400000| Untracked 
|   7|0x0000000602800000, 0x0000000602c00000, 0x0000000602c00000|100%| O|  |TAMS 0x0000000602c00000, 0x0000000602800000| Untracked 
|   8|0x0000000602c00000, 0x0000000603000000, 0x0000000603000000|100%| O|  |TAMS 0x0000000603000000, 0x0000000602c00000| Untracked 
|   9|0x0000000603000000, 0x0000000603400000, 0x0000000603400000|100%| O|  |TAMS 0x0000000603400000, 0x0000000603000000| Untracked 
|  10|0x0000000603400000, 0x0000000603800000, 0x0000000603800000|100%| O|  |TAMS 0x0000000603800000, 0x0000000603400000| Untracked 
|  11|0x0000000603800000, 0x0000000603c00000, 0x0000000603c00000|100%| O|  |TAMS 0x0000000603c00000, 0x0000000603800000| Untracked 
|  12|0x0000000603c00000, 0x0000000604000000, 0x0000000604000000|100%| O|  |TAMS 0x0000000604000000, 0x0000000603c00000| Untracked 
|  13|0x0000000604000000, 0x0000000604400000, 0x0000000604400000|100%| O|  |TAMS 0x0000000604400000, 0x0000000604000000| Untracked 
|  14|0x0000000604400000, 0x00000006047e7408, 0x0000000604800000| 97%| O|  |TAMS 0x00000006047e7408, 0x0000000604400000| Untracked 
|  15|0x0000000604800000, 0x0000000604c00000, 0x0000000604c00000|100%| O|  |TAMS 0x0000000604c00000, 0x0000000604800000| Untracked 
|  16|0x0000000604c00000, 0x0000000605000000, 0x0000000605000000|100%| O|  |TAMS 0x0000000605000000, 0x0000000604c00000| Untracked 
|  17|0x0000000605000000, 0x0000000605400000, 0x0000000605400000|100%|HS|  |TAMS 0x0000000605400000, 0x0000000605000000| Complete 
|  18|0x0000000605400000, 0x0000000605800000, 0x0000000605800000|100%|HC|  |TAMS 0x0000000605800000, 0x0000000605400000| Complete 
|  19|0x0000000605800000, 0x0000000605c00000, 0x0000000605c00000|100%|HC|  |TAMS 0x0000000605c00000, 0x0000000605800000| Complete 
|  20|0x0000000605c00000, 0x0000000606000000, 0x0000000606000000|100%| O|  |TAMS 0x0000000606000000, 0x0000000605c00000| Untracked 
|  21|0x0000000606000000, 0x0000000606400000, 0x0000000606400000|100%| O|  |TAMS 0x0000000606400000, 0x0000000606000000| Untracked 
|  22|0x0000000606400000, 0x0000000606800000, 0x0000000606800000|100%| O|  |TAMS 0x0000000606800000, 0x0000000606400000| Untracked 
|  23|0x0000000606800000, 0x0000000606c00000, 0x0000000606c00000|100%| O|  |TAMS 0x0000000606c00000, 0x0000000606800000| Untracked 
|  24|0x0000000606c00000, 0x0000000607000000, 0x0000000607000000|100%| O|  |TAMS 0x0000000607000000, 0x0000000606c00000| Untracked 
|  25|0x0000000607000000, 0x0000000607400000, 0x0000000607400000|100%| O|  |TAMS 0x0000000607400000, 0x0000000607000000| Untracked 
|  26|0x0000000607400000, 0x0000000607800000, 0x0000000607800000|100%| O|  |TAMS 0x0000000607800000, 0x0000000607400000| Untracked 
|  27|0x0000000607800000, 0x0000000607c00000, 0x0000000607c00000|100%| O|  |TAMS 0x0000000607c00000, 0x0000000607800000| Untracked 
|  28|0x0000000607c00000, 0x0000000608000000, 0x0000000608000000|100%| O|  |TAMS 0x0000000608000000, 0x0000000607c00000| Untracked 
|  29|0x0000000608000000, 0x0000000608400000, 0x0000000608400000|100%| O|  |TAMS 0x0000000608400000, 0x0000000608000000| Untracked 
|  30|0x0000000608400000, 0x0000000608800000, 0x0000000608800000|100%| O|  |TAMS 0x0000000608800000, 0x0000000608400000| Untracked 
|  31|0x0000000608800000, 0x0000000608c00000, 0x0000000608c00000|100%| O|  |TAMS 0x0000000608c00000, 0x0000000608800000| Untracked 
|  32|0x0000000608c00000, 0x0000000609000000, 0x0000000609000000|100%| O|  |TAMS 0x0000000609000000, 0x0000000608c00000| Untracked 
|  33|0x0000000609000000, 0x0000000609400000, 0x0000000609400000|100%| O|  |TAMS 0x0000000609143400, 0x0000000609000000| Untracked 
|  34|0x0000000609400000, 0x0000000609800000, 0x0000000609800000|100%| O|  |TAMS 0x0000000609400000, 0x0000000609400000| Untracked 
|  35|0x0000000609800000, 0x0000000609c00000, 0x0000000609c00000|100%| O|  |TAMS 0x0000000609800000, 0x0000000609800000| Untracked 
|  36|0x0000000609c00000, 0x000000060a000000, 0x000000060a000000|100%| O|  |TAMS 0x0000000609c00000, 0x0000000609c00000| Untracked 
|  37|0x000000060a000000, 0x000000060a400000, 0x000000060a400000|100%| O|  |TAMS 0x000000060a000000, 0x000000060a000000| Untracked 
|  38|0x000000060a400000, 0x000000060a800000, 0x000000060a800000|100%| O|  |TAMS 0x000000060a400000, 0x000000060a400000| Untracked 
|  39|0x000000060a800000, 0x000000060a9d4c00, 0x000000060ac00000| 45%| O|  |TAMS 0x000000060a800000, 0x000000060a800000| Untracked 
|  40|0x000000060ac00000, 0x000000060ac00000, 0x000000060b000000|  0%| F|  |TAMS 0x000000060ac00000, 0x000000060ac00000| Untracked 
|  41|0x000000060b000000, 0x000000060b000000, 0x000000060b400000|  0%| F|  |TAMS 0x000000060b000000, 0x000000060b000000| Untracked 
|  42|0x000000060b400000, 0x000000060b400000, 0x000000060b800000|  0%| F|  |TAMS 0x000000060b400000, 0x000000060b400000| Untracked 
|  43|0x000000060b800000, 0x000000060b800000, 0x000000060bc00000|  0%| F|  |TAMS 0x000000060b800000, 0x000000060b800000| Untracked 
|  44|0x000000060bc00000, 0x000000060bc00000, 0x000000060c000000|  0%| F|  |TAMS 0x000000060bc00000, 0x000000060bc00000| Untracked 
|  45|0x000000060c000000, 0x000000060c000000, 0x000000060c400000|  0%| F|  |TAMS 0x000000060c000000, 0x000000060c000000| Untracked 
|  46|0x000000060c400000, 0x000000060c400000, 0x000000060c800000|  0%| F|  |TAMS 0x000000060c400000, 0x000000060c400000| Untracked 
|  47|0x000000060c800000, 0x000000060c800000, 0x000000060cc00000|  0%| F|  |TAMS 0x000000060c800000, 0x000000060c800000| Untracked 
|  48|0x000000060cc00000, 0x000000060cc00000, 0x000000060d000000|  0%| F|  |TAMS 0x000000060cc00000, 0x000000060cc00000| Untracked 
|  49|0x000000060d000000, 0x000000060d000000, 0x000000060d400000|  0%| F|  |TAMS 0x000000060d000000, 0x000000060d000000| Untracked 
|  50|0x000000060d400000, 0x000000060d400000, 0x000000060d800000|  0%| F|  |TAMS 0x000000060d400000, 0x000000060d400000| Untracked 
|  51|0x000000060d800000, 0x000000060d800000, 0x000000060dc00000|  0%| F|  |TAMS 0x000000060d800000, 0x000000060d800000| Untracked 
|  52|0x000000060dc00000, 0x000000060dc00000, 0x000000060e000000|  0%| F|  |TAMS 0x000000060dc00000, 0x000000060dc00000| Untracked 
|  53|0x000000060e000000, 0x000000060e000000, 0x000000060e400000|  0%| F|  |TAMS 0x000000060e000000, 0x000000060e000000| Untracked 
|  54|0x000000060e400000, 0x000000060e400000, 0x000000060e800000|  0%| F|  |TAMS 0x000000060e400000, 0x000000060e400000| Untracked 
|  55|0x000000060e800000, 0x000000060e800000, 0x000000060ec00000|  0%| F|  |TAMS 0x000000060e800000, 0x000000060e800000| Untracked 
|  56|0x000000060ec00000, 0x000000060ec00000, 0x000000060f000000|  0%| F|  |TAMS 0x000000060ec00000, 0x000000060ec00000| Untracked 
|  57|0x000000060f000000, 0x000000060f000000, 0x000000060f400000|  0%| F|  |TAMS 0x000000060f000000, 0x000000060f000000| Untracked 
|  58|0x000000060f400000, 0x000000060f400000, 0x000000060f800000|  0%| F|  |TAMS 0x000000060f400000, 0x000000060f400000| Untracked 
|  59|0x000000060f800000, 0x000000060f800000, 0x000000060fc00000|  0%| F|  |TAMS 0x000000060f800000, 0x000000060f800000| Untracked 
|  60|0x000000060fc00000, 0x000000060fc00000, 0x0000000610000000|  0%| F|  |TAMS 0x000000060fc00000, 0x000000060fc00000| Untracked 
|  61|0x0000000610000000, 0x0000000610000000, 0x0000000610400000|  0%| F|  |TAMS 0x0000000610000000, 0x0000000610000000| Untracked 
|  62|0x0000000610400000, 0x0000000610400000, 0x0000000610800000|  0%| F|  |TAMS 0x0000000610400000, 0x0000000610400000| Untracked 
|  63|0x0000000610800000, 0x0000000610800000, 0x0000000610c00000|  0%| F|  |TAMS 0x0000000610800000, 0x0000000610800000| Untracked 
|  64|0x0000000610c00000, 0x0000000610c00000, 0x0000000611000000|  0%| F|  |TAMS 0x0000000610c00000, 0x0000000610c00000| Untracked 
|  65|0x0000000611000000, 0x0000000611000000, 0x0000000611400000|  0%| F|  |TAMS 0x0000000611000000, 0x0000000611000000| Untracked 
|  66|0x0000000611400000, 0x0000000611400000, 0x0000000611800000|  0%| F|  |TAMS 0x0000000611400000, 0x0000000611400000| Untracked 
|  67|0x0000000611800000, 0x0000000611800000, 0x0000000611c00000|  0%| F|  |TAMS 0x0000000611800000, 0x0000000611800000| Untracked 
|  68|0x0000000611c00000, 0x0000000611c00000, 0x0000000612000000|  0%| F|  |TAMS 0x0000000611c00000, 0x0000000611c00000| Untracked 
|  69|0x0000000612000000, 0x0000000612000000, 0x0000000612400000|  0%| F|  |TAMS 0x0000000612000000, 0x0000000612000000| Untracked 
|  70|0x0000000612400000, 0x00000006125c28b0, 0x0000000612800000| 43%| E|  |TAMS 0x0000000612400000, 0x0000000612400000| Complete 
|  71|0x0000000612800000, 0x0000000612c00000, 0x0000000612c00000|100%| E|CS|TAMS 0x0000000612800000, 0x0000000612800000| Complete 
|  72|0x0000000612c00000, 0x0000000613000000, 0x0000000613000000|100%| E|CS|TAMS 0x0000000612c00000, 0x0000000612c00000| Complete 
|  73|0x0000000613000000, 0x0000000613400000, 0x0000000613400000|100%| E|CS|TAMS 0x0000000613000000, 0x0000000613000000| Complete 
|  74|0x0000000613400000, 0x0000000613800000, 0x0000000613800000|100%| E|CS|TAMS 0x0000000613400000, 0x0000000613400000| Complete 
|  75|0x0000000613800000, 0x0000000613c00000, 0x0000000613c00000|100%| E|CS|TAMS 0x0000000613800000, 0x0000000613800000| Complete 
|  76|0x0000000613c00000, 0x0000000614000000, 0x0000000614000000|100%| E|CS|TAMS 0x0000000613c00000, 0x0000000613c00000| Complete 
|  77|0x0000000614000000, 0x00000006143f81a8, 0x0000000614400000| 99%| S|CS|TAMS 0x0000000614000000, 0x0000000614000000| Complete 
|  78|0x0000000614400000, 0x0000000614800000, 0x0000000614800000|100%| E|CS|TAMS 0x0000000614400000, 0x0000000614400000| Complete 
|  79|0x0000000614800000, 0x0000000614c00000, 0x0000000614c00000|100%| E|CS|TAMS 0x0000000614800000, 0x0000000614800000| Complete 
|  80|0x0000000614c00000, 0x0000000615000000, 0x0000000615000000|100%| E|CS|TAMS 0x0000000614c00000, 0x0000000614c00000| Complete 
|  81|0x0000000615000000, 0x0000000615400000, 0x0000000615400000|100%| E|CS|TAMS 0x0000000615000000, 0x0000000615000000| Complete 
|  82|0x0000000615400000, 0x0000000615800000, 0x0000000615800000|100%| E|CS|TAMS 0x0000000615400000, 0x0000000615400000| Complete 
|  83|0x0000000615800000, 0x0000000615c00000, 0x0000000615c00000|100%| E|CS|TAMS 0x0000000615800000, 0x0000000615800000| Complete 
|  84|0x0000000615c00000, 0x0000000616000000, 0x0000000616000000|100%| E|CS|TAMS 0x0000000615c00000, 0x0000000615c00000| Complete 
|  85|0x0000000616000000, 0x0000000616400000, 0x0000000616400000|100%| E|CS|TAMS 0x0000000616000000, 0x0000000616000000| Complete 
|  86|0x0000000616400000, 0x0000000616800000, 0x0000000616800000|100%| E|CS|TAMS 0x0000000616400000, 0x0000000616400000| Complete 
|  87|0x0000000616800000, 0x0000000616c00000, 0x0000000616c00000|100%| E|CS|TAMS 0x0000000616800000, 0x0000000616800000| Complete 
|  88|0x0000000616c00000, 0x0000000617000000, 0x0000000617000000|100%| E|CS|TAMS 0x0000000616c00000, 0x0000000616c00000| Complete 
|  89|0x0000000617000000, 0x0000000617400000, 0x0000000617400000|100%| E|CS|TAMS 0x0000000617000000, 0x0000000617000000| Complete 
|  90|0x0000000617400000, 0x0000000617800000, 0x0000000617800000|100%| E|CS|TAMS 0x0000000617400000, 0x0000000617400000| Complete 
|  91|0x0000000617800000, 0x0000000617c00000, 0x0000000617c00000|100%| E|CS|TAMS 0x0000000617800000, 0x0000000617800000| Complete 
| 113|0x000000061d000000, 0x000000061d400000, 0x000000061d400000|100%| E|CS|TAMS 0x000000061d000000, 0x000000061d000000| Complete 
| 114|0x000000061d400000, 0x000000061d800000, 0x000000061d800000|100%| E|CS|TAMS 0x000000061d400000, 0x000000061d400000| Complete 
| 127|0x0000000620800000, 0x0000000620c00000, 0x0000000620c00000|100%| E|CS|TAMS 0x0000000620800000, 0x0000000620800000| Complete 

Card table byte_map: [0x0000018ffb8a0000,0x0000018ffc8a0000] _byte_map_base: 0x0000018ff889a000

Marking Bits (Prev, Next): (CMBitMap*) 0x0000018ff9ff0e70, (CMBitMap*) 0x0000018ff9ff0e30
 Prev Bits: [0x0000018f9e9f0000, 0x0000018fa69c0000)
 Next Bits: [0x0000018f96a20000, 0x0000018f9e9f0000)

Polling page: 0x0000018ff7ed0000

Metaspace:

Usage:
  Non-class:     54.13 MB used.
      Class:      9.55 MB used.
       Both:     63.68 MB used.

Virtual space:
  Non-class space:       56.00 MB reserved,      54.75 MB ( 98%) committed,  7 nodes.
      Class space:        1.00 GB reserved,      10.06 MB ( <1%) committed,  1 nodes.
             Both:        1.05 GB reserved,      64.81 MB (  6%) committed. 

Chunk freelists:
   Non-Class:  742.00 KB
       Class:  1.75 MB
        Both:  2.48 MB

MaxMetaspaceSize: unlimited
CompressedClassSpaceSize: 1.00 GB
Initial GC threshold: 21.00 MB
Current GC threshold: 100.00 MB
CDS: on
MetaspaceReclaimPolicy: balanced
 - commit_granule_bytes: 65536.
 - commit_granule_words: 8192.
 - virtual_space_node_default_size: 1048576.
 - enlarge_chunks_in_place: 1.
 - new_chunks_are_fully_committed: 0.
 - uncommit_free_chunks: 1.
 - use_allocation_guard: 0.
 - handle_deallocations: 1.


Internal statistics:

num_allocs_failed_limit: 15.
num_arena_births: 1706.
num_arena_deaths: 0.
num_vsnodes_births: 8.
num_vsnodes_deaths: 0.
num_space_committed: 1034.
num_space_uncommitted: 0.
num_chunks_returned_to_freelist: 15.
num_chunks_taken_from_freelist: 4399.
num_chunk_merges: 15.
num_chunk_splits: 2839.
num_chunks_enlarged: 1881.
num_purges: 0.
num_inconsistent_stats: 0.

CodeHeap 'non-profiled nmethods': size=119168Kb used=7723Kb max_used=7723Kb free=111444Kb
 bounds [0x0000018f8f5c0000, 0x0000018f8fd50000, 0x0000018f96a20000]
CodeHeap 'profiled nmethods': size=119104Kb used=13212Kb max_used=13846Kb free=105891Kb
 bounds [0x0000018f87a20000, 0x0000018f887b0000, 0x0000018f8ee70000]
CodeHeap 'non-nmethods': size=7488Kb used=3646Kb max_used=3697Kb free=3841Kb
 bounds [0x0000018f8ee70000, 0x0000018f8f210000, 0x0000018f8f5c0000]
 total_blobs=9401 nmethods=7921 adapters=1386
 compilation: enabled
              stopped_count=0, restarted_count=0
 full_count=0

Compilation events (20 events):
Event: 11.459 Thread 0x0000018fa743bed0 10195       3       org.lwjgl.system.StructBuffer::sizeof (8 bytes)
Event: 11.459 Thread 0x0000018ffda928c0 10196       3       org.lwjgl.glfw.GLFWVidMode$Buffer::getElementFactory (5 bytes)
Event: 11.459 Thread 0x0000018fa7370a80 nmethod 10193 0x0000018f880c1290 code [0x0000018f880c1420, 0x0000018f880c1538]
Event: 11.459 Thread 0x0000018fa743bed0 nmethod 10195 0x0000018f87bb6110 code [0x0000018f87bb62c0, 0x0000018f87bb64f8]
Event: 11.459 Thread 0x0000018ffda928c0 nmethod 10196 0x0000018f87bb5d10 code [0x0000018f87bb5ea0, 0x0000018f87bb6018]
Event: 11.459 Thread 0x0000018ffda928c0 10197       3       org.lwjgl.glfw.GLFWVidMode$Buffer::getElementFactory (4 bytes)
Event: 11.459 Thread 0x0000018ffda928c0 nmethod 10197 0x0000018f87bb5990 code [0x0000018f87bb5b20, 0x0000018f87bb5c38]
Event: 11.459 Thread 0x0000018ffda928c0 10198       3       org.lwjgl.glfw.GLFWVidMode::sizeof (4 bytes)
Event: 11.459 Thread 0x0000018fa7370a80 10199       1       com.mojang.blaze3d.platform.VideoMode::getRedBits (5 bytes)
Event: 11.459 Thread 0x0000018fa86618b0 nmethod 10194 0x0000018f87bb5490 code [0x0000018f87bb5640, 0x0000018f87bb58a8]
Event: 11.459 Thread 0x0000018fa743bed0 10200       1       com.mojang.blaze3d.platform.VideoMode::getGreenBits (5 bytes)
Event: 11.459 Thread 0x0000018fa86618b0 10201       1       com.mojang.blaze3d.platform.VideoMode::getBlueBits (5 bytes)
Event: 11.459 Thread 0x0000018fa7370a80 nmethod 10199 0x0000018f8fd2d690 code [0x0000018f8fd2d820, 0x0000018f8fd2d8f8]
Event: 11.459 Thread 0x0000018ffda928c0 nmethod 10198 0x0000018f87bb5110 code [0x0000018f87bb52a0, 0x0000018f87bb53b8]
Event: 11.459 Thread 0x0000018fa86618b0 nmethod 10201 0x0000018f8fd2d990 code [0x0000018f8fd2db20, 0x0000018f8fd2dbf8]
Event: 11.459 Thread 0x0000018fa743bed0 nmethod 10200 0x0000018f8fd2dc90 code [0x0000018f8fd2de20, 0x0000018f8fd2def8]
Event: 11.466 Thread 0x0000018fa7370a80 10204       3       java.util.EnumMap::isValidKey (36 bytes)
Event: 11.466 Thread 0x0000018fa7370a80 nmethod 10204 0x0000018f884aba10 code [0x0000018f884abbc0, 0x0000018f884abe48]
Event: 11.473 Thread 0x0000018ffda91120 nmethod 10192 0x0000018f8fd2e890 code [0x0000018f8fd2eba0, 0x0000018f8fd2fe50]
Event: 11.481 Thread 0x0000018fa8584d90 nmethod 10056 0x0000018f8fd30e10 code [0x0000018f8fd31460, 0x0000018f8fd39040]

GC Heap History (20 events):
Event: 5.608 GC heap before
{Heap before GC invocations=11 (full 0):
 garbage-first heap   total 282624K, used 220452K [0x0000000600c00000, 0x0000000800000000)
  region size 4096K, 36 young (147456K), 1 survivors (4096K)
 Metaspace       used 28375K, committed 29184K, reserved 1081344K
  class space    used 3483K, committed 3840K, reserved 1048576K
}
Event: 5.611 GC heap after
{Heap after GC invocations=12 (full 0):
 garbage-first heap   total 282624K, used 79000K [0x0000000600c00000, 0x0000000800000000)
  region size 4096K, 2 young (8192K), 2 survivors (8192K)
 Metaspace       used 28375K, committed 29184K, reserved 1081344K
  class space    used 3483K, committed 3840K, reserved 1048576K
}
Event: 6.029 GC heap before
{Heap before GC invocations=12 (full 0):
 garbage-first heap   total 282624K, used 222360K [0x0000000600c00000, 0x0000000800000000)
  region size 4096K, 37 young (151552K), 2 survivors (8192K)
 Metaspace       used 29707K, committed 30528K, reserved 1081344K
  class space    used 3684K, committed 4032K, reserved 1048576K
}
Event: 6.034 GC heap after
{Heap after GC invocations=13 (full 0):
 garbage-first heap   total 282624K, used 81976K [0x0000000600c00000, 0x0000000800000000)
  region size 4096K, 2 young (8192K), 2 survivors (8192K)
 Metaspace       used 29707K, committed 30528K, reserved 1081344K
  class space    used 3684K, committed 4032K, reserved 1048576K
}
Event: 7.028 GC heap before
{Heap before GC invocations=13 (full 0):
 garbage-first heap   total 282624K, used 241720K [0x0000000600c00000, 0x0000000800000000)
  region size 4096K, 38 young (155648K), 2 survivors (8192K)
 Metaspace       used 33100K, committed 34048K, reserved 1081344K
  class space    used 4117K, committed 4544K, reserved 1048576K
}
Event: 7.032 GC heap after
{Heap after GC invocations=14 (full 0):
 garbage-first heap   total 282624K, used 96676K [0x0000000600c00000, 0x0000000800000000)
  region size 4096K, 3 young (12288K), 3 survivors (12288K)
 Metaspace       used 33100K, committed 34048K, reserved 1081344K
  class space    used 4117K, committed 4544K, reserved 1048576K
}
Event: 7.358 GC heap before
{Heap before GC invocations=14 (full 0):
 garbage-first heap   total 282624K, used 129444K [0x0000000600c00000, 0x0000000800000000)
  region size 4096K, 12 young (49152K), 3 survivors (12288K)
 Metaspace       used 35244K, committed 36096K, reserved 1081344K
  class space    used 4337K, committed 4736K, reserved 1048576K
}
Event: 7.362 GC heap after
{Heap after GC invocations=15 (full 0):
 garbage-first heap   total 282624K, used 97424K [0x0000000600c00000, 0x0000000800000000)
  region size 4096K, 3 young (12288K), 3 survivors (12288K)
 Metaspace       used 35244K, committed 36096K, reserved 1081344K
  class space    used 4337K, committed 4736K, reserved 1048576K
}
Event: 8.257 GC heap before
{Heap before GC invocations=16 (full 0):
 garbage-first heap   total 282624K, used 232592K [0x0000000600c00000, 0x0000000800000000)
  region size 4096K, 36 young (147456K), 3 survivors (12288K)
 Metaspace       used 41315K, committed 42304K, reserved 1089536K
  class space    used 5418K, committed 5888K, reserved 1048576K
}
Event: 8.265 GC heap after
{Heap after GC invocations=17 (full 0):
 garbage-first heap   total 282624K, used 105582K [0x0000000600c00000, 0x0000000800000000)
  region size 4096K, 5 young (20480K), 5 survivors (20480K)
 Metaspace       used 41315K, committed 42304K, reserved 1089536K
  class space    used 5418K, committed 5888K, reserved 1048576K
}
Event: 8.631 GC heap before
{Heap before GC invocations=17 (full 0):
 garbage-first heap   total 282624K, used 228462K [0x0000000600c00000, 0x0000000800000000)
  region size 4096K, 35 young (143360K), 5 survivors (20480K)
 Metaspace       used 42464K, committed 43392K, reserved 1089536K
  class space    used 5609K, committed 6016K, reserved 1048576K
}
Event: 8.651 GC heap after
{Heap after GC invocations=18 (full 0):
 garbage-first heap   total 282624K, used 117606K [0x0000000600c00000, 0x0000000800000000)
  region size 4096K, 5 young (20480K), 5 survivors (20480K)
 Metaspace       used 42464K, committed 43392K, reserved 1089536K
  class space    used 5609K, committed 6016K, reserved 1048576K
}
Event: 8.809 GC heap before
{Heap before GC invocations=18 (full 0):
 garbage-first heap   total 282624K, used 228198K [0x0000000600c00000, 0x0000000800000000)
  region size 4096K, 32 young (131072K), 5 survivors (20480K)
 Metaspace       used 42798K, committed 43776K, reserved 1089536K
  class space    used 5650K, committed 6080K, reserved 1048576K
}
Event: 8.823 GC heap after
{Heap after GC invocations=19 (full 0):
 garbage-first heap   total 282624K, used 130651K [0x0000000600c00000, 0x0000000800000000)
  region size 4096K, 3 young (12288K), 3 survivors (12288K)
 Metaspace       used 42798K, committed 43776K, reserved 1089536K
  class space    used 5650K, committed 6080K, reserved 1048576K
}
Event: 9.291 GC heap before
{Heap before GC invocations=19 (full 0):
 garbage-first heap   total 282624K, used 228955K [0x0000000600c00000, 0x0000000800000000)
  region size 4096K, 27 young (110592K), 3 survivors (12288K)
 Metaspace       used 46657K, committed 47680K, reserved 1097728K
  class space    used 6252K, committed 6720K, reserved 1048576K
}
Event: 9.298 GC heap after
{Heap after GC invocations=20 (full 0):
 garbage-first heap   total 389120K, used 137496K [0x0000000600c00000, 0x0000000800000000)
  region size 4096K, 2 young (8192K), 2 survivors (8192K)
 Metaspace       used 46657K, committed 47680K, reserved 1097728K
  class space    used 6252K, committed 6720K, reserved 1048576K
}
Event: 10.475 GC heap before
{Heap before GC invocations=20 (full 0):
 garbage-first heap   total 389120K, used 309528K [0x0000000600c00000, 0x0000000800000000)
  region size 4096K, 44 young (180224K), 2 survivors (8192K)
 Metaspace       used 57763K, committed 58880K, reserved 1105920K
  class space    used 8558K, committed 9024K, reserved 1048576K
}
Event: 10.485 GC heap after
{Heap after GC invocations=21 (full 0):
 garbage-first heap   total 389120K, used 160938K [0x0000000600c00000, 0x0000000800000000)
  region size 4096K, 6 young (24576K), 6 survivors (24576K)
 Metaspace       used 57763K, committed 58880K, reserved 1105920K
  class space    used 8558K, committed 9024K, reserved 1048576K
}
Event: 10.768 GC heap before
{Heap before GC invocations=21 (full 0):
 garbage-first heap   total 389120K, used 226474K [0x0000000600c00000, 0x0000000800000000)
  region size 4096K, 23 young (94208K), 6 survivors (24576K)
 Metaspace       used 59548K, committed 60608K, reserved 1105920K
  class space    used 8913K, committed 9408K, reserved 1048576K
}
Event: 10.776 GC heap after
{Heap after GC invocations=22 (full 0):
 garbage-first heap   total 389120K, used 165584K [0x0000000600c00000, 0x0000000800000000)
  region size 4096K, 1 young (4096K), 1 survivors (4096K)
 Metaspace       used 59548K, committed 60608K, reserved 1105920K
  class space    used 8913K, committed 9408K, reserved 1048576K
}

Dll operation events (14 events):
Event: 0.005 Loaded shared library C:\Users\Test\.jdks\temurin-17.0.6\bin\java.dll
Event: 0.012 Loaded shared library C:\Users\Test\.jdks\temurin-17.0.6\bin\jsvml.dll
Event: 0.086 Loaded shared library C:\Users\Test\.jdks\temurin-17.0.6\bin\net.dll
Event: 0.087 Loaded shared library C:\Users\Test\.jdks\temurin-17.0.6\bin\nio.dll
Event: 0.089 Loaded shared library C:\Users\Test\.jdks\temurin-17.0.6\bin\zip.dll
Event: 0.125 Loaded shared library C:\Users\Test\.jdks\temurin-17.0.6\bin\zip.dll
Event: 0.126 Loaded shared library C:\Users\Test\.jdks\temurin-17.0.6\bin\instrument.dll
Event: 0.200 Loaded shared library C:\Program Files\JetBrains\IntelliJ IDEA Community Edition 2022.3.1\bin\breakgen64.dll
Event: 0.216 Loaded shared library C:\Users\Test\.jdks\temurin-17.0.6\bin\jimage.dll
Event: 0.419 Loaded shared library C:\Users\Test\.jdks\temurin-17.0.6\bin\verify.dll
Event: 1.978 Loaded shared library C:\Users\Test\.jdks\temurin-17.0.6\bin\management.dll
Event: 1.980 Loaded shared library C:\Users\Test\.jdks\temurin-17.0.6\bin\management_ext.dll
Event: 6.136 Loaded shared library C:\Users\Test\AppData\Local\Temp\jna-2603186\jna7044113362183485945.dll
Event: 11.055 Loaded shared library C:\Users\Test\AppData\Local\Temp\lwjglTest\3.3.1-build-7\lwjgl.dll

Deoptimization events (20 events):
Event: 11.385 Thread 0x0000018ff9f84b80 Uncommon trap: trap_request=0xffffff45 fr.pc=0x0000018f8faf0b00 relative=0x00000000000000e0
Event: 11.385 Thread 0x0000018ff9f84b80 Uncommon trap: reason=unstable_if action=reinterpret pc=0x0000018f8faf0b00 method=java.util.EnumMap.isValidKey(Ljava/lang/Object;)Z @ 16 c2
Event: 11.385 Thread 0x0000018ff9f84b80 DEOPT PACKING pc=0x0000018f8faf0b00 sp=0x0000006bcf3fe250
Event: 11.385 Thread 0x0000018ff9f84b80 DEOPT UNPACKING pc=0x0000018f8eec69a3 sp=0x0000006bcf3fe188 mode 2
Event: 11.385 Thread 0x0000018ff9f84b80 Uncommon trap: trap_request=0xffffff45 fr.pc=0x0000018f8fac2c00 relative=0x0000000000000080
Event: 11.385 Thread 0x0000018ff9f84b80 Uncommon trap: reason=unstable_if action=reinterpret pc=0x0000018f8fac2c00 method=java.util.EnumMap.isValidKey(Ljava/lang/Object;)Z @ 16 c2
Event: 11.385 Thread 0x0000018ff9f84b80 DEOPT PACKING pc=0x0000018f8fac2c00 sp=0x0000006bcf3fe200
Event: 11.385 Thread 0x0000018ff9f84b80 DEOPT UNPACKING pc=0x0000018f8eec69a3 sp=0x0000006bcf3fe190 mode 2
Event: 11.385 Thread 0x0000018ff9f84b80 Uncommon trap: trap_request=0xffffff45 fr.pc=0x0000018f8fbbb578 relative=0x00000000000002d8
Event: 11.385 Thread 0x0000018ff9f84b80 Uncommon trap: reason=unstable_if action=reinterpret pc=0x0000018f8fbbb578 method=java.lang.invoke.AbstractValidatingLambdaMetafactory.isAdaptableTo(Ljava/lang/Class;Ljava/lang/Class;Z)Z @ 81 c2
Event: 11.385 Thread 0x0000018ff9f84b80 DEOPT PACKING pc=0x0000018f8fbbb578 sp=0x0000006bcf3fd1b0
Event: 11.385 Thread 0x0000018ff9f84b80 DEOPT UNPACKING pc=0x0000018f8eec69a3 sp=0x0000006bcf3fd140 mode 2
Event: 11.385 Thread 0x0000018ff9f84b80 Uncommon trap: trap_request=0xffffff45 fr.pc=0x0000018f8f8734cc relative=0x0000000000000dcc
Event: 11.385 Thread 0x0000018ff9f84b80 Uncommon trap: reason=unstable_if action=reinterpret pc=0x0000018f8f8734cc method=java.lang.invoke.TypeConvertingMethodAdapter.convertType(Ljava/lang/Class;Ljava/lang/Class;Ljava/lang/Class;)V @ 186 c2
Event: 11.385 Thread 0x0000018ff9f84b80 DEOPT PACKING pc=0x0000018f8f8734cc sp=0x0000006bcf3fd070
Event: 11.385 Thread 0x0000018ff9f84b80 DEOPT UNPACKING pc=0x0000018f8eec69a3 sp=0x0000006bcf3fd010 mode 2
Event: 11.426 Thread 0x0000018ff9f84b80 Uncommon trap: trap_request=0xffffff45 fr.pc=0x0000018f8f716ae0 relative=0x0000000000002c40
Event: 11.426 Thread 0x0000018ff9f84b80 Uncommon trap: reason=unstable_if action=reinterpret pc=0x0000018f8f716ae0 method=cpw.mods.niofs.union.UnionFileSystem.getPath(Ljava/lang/String;[Ljava/lang/String;)Ljava/nio/file/Path; @ 2 c2
Event: 11.426 Thread 0x0000018ff9f84b80 DEOPT PACKING pc=0x0000018f8f716ae0 sp=0x0000006bcf3fb0b0
Event: 11.426 Thread 0x0000018ff9f84b80 DEOPT UNPACKING pc=0x0000018f8eec69a3 sp=0x0000006bcf3fb100 mode 2

Classes unloaded (0 events):
No events

Classes redefined (0 events):
No events

Internal exceptions (20 events):
Event: 11.064 Thread 0x0000018ff9f84b80 Exception <a 'sun/nio/fs/WindowsException'{0x0000000615ae1180}> (0x0000000615ae1180) 
thrown [s\src\hotspot\share\prims\jni.cpp, line 516]
Event: 11.064 Thread 0x0000018ff9f84b80 Exception <a 'sun/nio/fs/WindowsException'{0x0000000615ae1510}> (0x0000000615ae1510) 
thrown [s\src\hotspot\share\prims\jni.cpp, line 516]
Event: 11.077 Thread 0x0000018ff9f84b80 Exception <a 'java/lang/NoSuchMethodError'{0x0000000615455180}: 'void java.lang.invoke.DirectMethodHandle$Holder.invokeInterface(java.lang.Object, java.lang.Object, int)'> (0x0000000615455180) 
thrown [s\src\hotspot\share\interpreter\linkResolver.cpp, line 759]
Event: 11.077 Thread 0x0000018ff9f84b80 Exception <a 'java/lang/NoSuchMethodError'{0x000000061546f6c8}: 'void java.lang.invoke.DirectMethodHandle$Holder.invokeStatic(java.lang.Object, java.lang.Object, int)'> (0x000000061546f6c8) 
thrown [s\src\hotspot\share\interpreter\linkResolver.cpp, line 759]
Event: 11.078 Thread 0x0000018ff9f84b80 Exception <a 'java/lang/NoSuchMethodError'{0x0000000615472d48}: 'void java.lang.invoke.DirectMethodHandle$Holder.invokeStaticInit(java.lang.Object, java.lang.Object, int)'> (0x0000000615472d48) 
thrown [s\src\hotspot\share\interpreter\linkResolver.cpp, line 759]
Event: 11.155 Thread 0x0000018ff9f84b80 Exception <a 'java/lang/NoSuchMethodError'{0x0000000614604230}: 'long java.lang.invoke.DirectMethodHandle$Holder.invokeSpecial(java.lang.Object, java.lang.Object)'> (0x0000000614604230) 
thrown [s\src\hotspot\share\interpreter\linkResolver.cpp, line 759]
Event: 11.166 Thread 0x0000018ff9f84b80 Exception <a 'sun/nio/fs/WindowsException'{0x0000000614695a30}> (0x0000000614695a30) 
thrown [s\src\hotspot\share\prims\jni.cpp, line 516]
Event: 11.166 Thread 0x0000018ff9f84b80 Exception <a 'sun/nio/fs/WindowsException'{0x00000006146972a8}> (0x00000006146972a8) 
thrown [s\src\hotspot\share\prims\jni.cpp, line 516]
Event: 11.334 Thread 0x0000018ff9f84b80 Exception <a 'java/lang/NoSuchMethodError'{0x00000006132a16c0}: 'int java.lang.invoke.DirectMethodHandle$Holder.invokeStatic(java.lang.Object)'> (0x00000006132a16c0) 
thrown [s\src\hotspot\share\interpreter\linkResolver.cpp, line 759]
Event: 11.382 Thread 0x0000018ff9f84b80 Exception <a 'java/lang/NoSuchMethodError'{0x0000000612ec1200}: 'java.lang.Object java.lang.invoke.Invokers$Holder.linkToTargetMethod(java.lang.Object, int, java.lang.Object, java.lang.Object)'> (0x0000000612ec1200) 
thrown [s\src\hotspot\share\interpreter\linkResolver.cpp, line 759]
Event: 11.390 Thread 0x0000018ff9f84b80 Exception <a 'java/lang/NoSuchMethodError'{0x0000000612f727d0}: 'int java.lang.invoke.DirectMethodHandle$Holder.invokeStaticInit(java.lang.Object)'> (0x0000000612f727d0) 
thrown [s\src\hotspot\share\interpreter\linkResolver.cpp, line 759]
Event: 11.391 Thread 0x0000018ff9f84b80 Exception <a 'java/lang/NoSuchMethodError'{0x0000000612f79bb8}: 'int java.lang.invoke.Invokers$Holder.invokeExact_MT(java.lang.Object, java.lang.Object)'> (0x0000000612f79bb8) 
thrown [s\src\hotspot\share\interpreter\linkResolver.cpp, line 759]
Event: 11.395 Thread 0x0000018ff9f84b80 Exception <a 'sun/nio/fs/WindowsException'{0x00000006128939f8}> (0x00000006128939f8) 
thrown [s\src\hotspot\share\prims\jni.cpp, line 516]
Event: 11.395 Thread 0x0000018ff9f84b80 Exception <a 'sun/nio/fs/WindowsException'{0x0000000612893d58}> (0x0000000612893d58) 
thrown [s\src\hotspot\share\prims\jni.cpp, line 516]
Event: 11.406 Thread 0x0000018ff9f84b80 Exception <a 'java/lang/NoSuchMethodError'{0x0000000612921bb8}: 'java.lang.Object java.lang.invoke.DirectMethodHandle$Holder.invokeInterface(java.lang.Object, java.lang.Object, double)'> (0x0000000612921bb8) 
thrown [s\src\hotspot\share\interpreter\linkResolver.cpp, line 759]
Event: 11.407 Thread 0x0000018ff9f84b80 Exception <a 'java/lang/NoSuchMethodError'{0x0000000612928400}: 'double java.lang.invoke.DirectMethodHandle$Holder.invokeInterface(java.lang.Object, java.lang.Object, java.lang.Object)'> (0x0000000612928400) 
thrown [s\src\hotspot\share\interpreter\linkResolver.cpp, line 759]
Event: 11.439 Thread 0x0000018ff9f84b80 Exception <a 'java/lang/NoSuchMethodError'{0x0000000612405a40}: 'long java.lang.invoke.DirectMethodHandle$Holder.invokeInterface(java.lang.Object, java.lang.Object)'> (0x0000000612405a40) 
thrown [s\src\hotspot\share\interpreter\linkResolver.cpp, line 759]
Event: 11.441 Thread 0x0000018ff9f84b80 Exception <a 'java/lang/NoSuchMethodError'{0x000000061246f5b8}: 'java.lang.Object java.lang.invoke.DirectMethodHandle$Holder.newInvokeSpecial(java.lang.Object, long)'> (0x000000061246f5b8) 
thrown [s\src\hotspot\share\interpreter\linkResolver.cpp, line 759]
Event: 11.464 Thread 0x0000018ff9f84b80 Exception <a 'java/lang/NoSuchMethodError'{0x0000000612540b60}: 'void java.lang.invoke.DirectMethodHandle$Holder.invokeSpecial(java.lang.Object, java.lang.Object, int, long)'> (0x0000000612540b60) 
thrown [s\src\hotspot\share\interpreter\linkResolver.cpp, line 759]
Event: 11.464 Thread 0x0000018ff9f84b80 Exception <a 'java/lang/NoSuchMethodError'{0x0000000612546ad8}: 'void java.lang.invoke.DirectMethodHandle$Holder.invokeStatic(java.lang.Object, int, long)'> (0x0000000612546ad8) 
thrown [s\src\hotspot\share\interpreter\linkResolver.cpp, line 759]

VM Operations (20 events):
Event: 10.182 Executing VM operation: ICBufferFull
Event: 10.182 Executing VM operation: ICBufferFull done
Event: 10.428 Executing VM operation: HandshakeAllThreads
Event: 10.428 Executing VM operation: HandshakeAllThreads done
Event: 10.452 Executing VM operation: HandshakeAllThreads
Event: 10.452 Executing VM operation: HandshakeAllThreads done
Event: 10.475 Executing VM operation: G1CollectForAllocation
Event: 10.485 Executing VM operation: G1CollectForAllocation done
Event: 10.713 Executing VM operation: ICBufferFull
Event: 10.713 Executing VM operation: ICBufferFull done
Event: 10.768 Executing VM operation: CollectForMetadataAllocation
Event: 10.776 Executing VM operation: CollectForMetadataAllocation done
Event: 10.796 Executing VM operation: CollectForMetadataAllocation
Event: 10.796 Executing VM operation: CollectForMetadataAllocation done
Event: 10.815 Executing VM operation: CollectForMetadataAllocation
Event: 10.815 Executing VM operation: CollectForMetadataAllocation done
Event: 10.825 Executing VM operation: G1Concurrent
Event: 10.828 Executing VM operation: G1Concurrent done
Event: 10.852 Executing VM operation: G1Concurrent
Event: 10.852 Executing VM operation: G1Concurrent done

Events (20 events):
Event: 11.056 loading class java/nio/DirectShortBufferU
Event: 11.056 loading class java/nio/DirectShortBufferU done
Event: 11.056 loading class java/nio/DirectCharBufferU
Event: 11.056 loading class java/nio/DirectCharBufferU done
Event: 11.057 loading class java/nio/DirectFloatBufferU
Event: 11.057 loading class java/nio/DirectFloatBufferU done
Event: 11.057 loading class java/nio/DirectDoubleBufferU
Event: 11.057 loading class java/nio/DirectDoubleBufferU done
Event: 11.065 loading class java/nio/InvalidMarkException
Event: 11.065 loading class java/nio/InvalidMarkException done
Event: 11.065 loading class java/nio/BufferUnderflowException
Event: 11.065 loading class java/nio/BufferUnderflowException done
Event: 11.171 loading class java/util/function/IntSupplier
Event: 11.171 loading class java/util/function/IntSupplier done
Event: 11.239 loading class java/io/CharArrayWriter
Event: 11.239 loading class java/io/CharArrayWriter done
Event: 11.391 loading class java/lang/invoke/DirectMethodHandle$StaticAccessor
Event: 11.391 loading class java/lang/invoke/DirectMethodHandle$StaticAccessor done
Event: 11.400 loading class java/util/function/DoubleFunction
Event: 11.400 loading class java/util/function/DoubleFunction done


Dynamic libraries:
0x00007ff6c92d0000 - 0x00007ff6c92de000 	C:\Users\Test\.jdks\temurin-17.0.6\bin\java.exe
0x00007ff962670000 - 0x00007ff962884000 	C:\WINDOWS\SYSTEM32\ntdll.dll
0x00007ff961da0000 - 0x00007ff961e63000 	C:\WINDOWS\System32\KERNEL32.DLL
0x00007ff95fa90000 - 0x00007ff95fe2d000 	C:\WINDOWS\System32\KERNELBASE.dll
0x00007ff95ff70000 - 0x00007ff960081000 	C:\WINDOWS\System32\ucrtbase.dll
0x00007ff94aa70000 - 0x00007ff94aa87000 	C:\Users\Test\.jdks\temurin-17.0.6\bin\jli.dll
0x00007ff94aa50000 - 0x00007ff94aa69000 	C:\Users\Test\.jdks\temurin-17.0.6\bin\VCRUNTIME140.dll
0x00007ff960b90000 - 0x00007ff960d3d000 	C:\WINDOWS\System32\USER32.dll
0x00007ff9602c0000 - 0x00007ff9602e6000 	C:\WINDOWS\System32\win32u.dll
0x00007ff94ae20000 - 0x00007ff94b0ae000 	C:\WINDOWS\WinSxS\amd64_microsoft.windows.common-controls_6595b64144ccf1df_6.0.22621.608_none_a9444ca7c10bb01d\COMCTL32.dll
0x00007ff960a00000 - 0x00007ff960a29000 	C:\WINDOWS\System32\GDI32.dll
0x00007ff960ae0000 - 0x00007ff960b87000 	C:\WINDOWS\System32\msvcrt.dll
0x00007ff960100000 - 0x00007ff960212000 	C:\WINDOWS\System32\gdi32full.dll
0x00007ff960220000 - 0x00007ff9602ba000 	C:\WINDOWS\System32\msvcp_win.dll
0x00007ff960eb0000 - 0x00007ff960ee2000 	C:\WINDOWS\System32\IMM32.DLL
0x00007ff94ab50000 - 0x00007ff94ab5c000 	C:\Users\Test\.jdks\temurin-17.0.6\bin\vcruntime140_1.dll
0x00007ff942900000 - 0x00007ff942991000 	C:\Users\Test\.jdks\temurin-17.0.6\bin\msvcp140.dll
0x00007ff8ebdd0000 - 0x00007ff8eca17000 	C:\Users\Test\.jdks\temurin-17.0.6\bin\server\jvm.dll
0x00007ff961bf0000 - 0x00007ff961c9e000 	C:\WINDOWS\System32\ADVAPI32.dll
0x00007ff960e00000 - 0x00007ff960ea4000 	C:\WINDOWS\System32\sechost.dll
0x00007ff962080000 - 0x00007ff962195000 	C:\WINDOWS\System32\RPCRT4.dll
0x00007ff954b00000 - 0x00007ff954b34000 	C:\WINDOWS\SYSTEM32\WINMM.dll
0x00007ff9076e0000 - 0x00007ff9076e9000 	C:\WINDOWS\SYSTEM32\WSOCK32.dll
0x00007ff956620000 - 0x00007ff95662a000 	C:\WINDOWS\SYSTEM32\VERSION.dll
0x00007ff960ef0000 - 0x00007ff960f61000 	C:\WINDOWS\System32\WS2_32.dll
0x00007ff95eb40000 - 0x00007ff95eb58000 	C:\WINDOWS\SYSTEM32\kernel.appcore.dll
0x00007ff94a9f0000 - 0x00007ff94a9fa000 	C:\Users\Test\.jdks\temurin-17.0.6\bin\jimage.dll
0x00007ff955bf0000 - 0x00007ff955e1e000 	C:\WINDOWS\SYSTEM32\DBGHELP.DLL
0x00007ff9622a0000 - 0x00007ff96262a000 	C:\WINDOWS\System32\combase.dll
0x00007ff960f70000 - 0x00007ff961047000 	C:\WINDOWS\System32\OLEAUT32.dll
0x00007ff953e00000 - 0x00007ff953e32000 	C:\WINDOWS\SYSTEM32\dbgcore.DLL
0x00007ff95fe30000 - 0x00007ff95feab000 	C:\WINDOWS\System32\bcryptPrimitives.dll
0x00007ff949520000 - 0x00007ff94952e000 	C:\Users\Test\.jdks\temurin-17.0.6\bin\instrument.dll
0x00007ff94a9c0000 - 0x00007ff94a9e5000 	C:\Users\Test\.jdks\temurin-17.0.6\bin\java.dll
0x00007ff941500000 - 0x00007ff9415d6000 	C:\Users\Test\.jdks\temurin-17.0.6\bin\jsvml.dll
0x00007ff961070000 - 0x00007ff96185f000 	C:\WINDOWS\System32\SHELL32.dll
0x00007ff95da60000 - 0x00007ff95e328000 	C:\WINDOWS\SYSTEM32\windows.storage.dll
0x00007ff95d920000 - 0x00007ff95da5e000 	C:\WINDOWS\SYSTEM32\wintypes.dll
0x00007ff961e70000 - 0x00007ff961f61000 	C:\WINDOWS\System32\SHCORE.dll
0x00007ff961d40000 - 0x00007ff961d9e000 	C:\WINDOWS\System32\shlwapi.dll
0x00007ff95f9c0000 - 0x00007ff95f9e1000 	C:\WINDOWS\SYSTEM32\profapi.dll
0x00007ff94a990000 - 0x00007ff94a9a9000 	C:\Users\Test\.jdks\temurin-17.0.6\bin\net.dll
0x00007ff9596a0000 - 0x00007ff9597cf000 	C:\WINDOWS\SYSTEM32\WINHTTP.dll
0x00007ff95eff0000 - 0x00007ff95f059000 	C:\WINDOWS\system32\mswsock.dll
0x00007ff946b90000 - 0x00007ff946ba5000 	C:\Users\Test\.jdks\temurin-17.0.6\bin\nio.dll
0x00007ff942a10000 - 0x00007ff942a28000 	C:\Users\Test\.jdks\temurin-17.0.6\bin\zip.dll
0x00007ff9418a0000 - 0x00007ff9418ba000 	C:\Program Files\JetBrains\IntelliJ IDEA Community Edition 2022.3.1\bin\breakgen64.dll
0x00007ff949b00000 - 0x00007ff949b10000 	C:\Users\Test\.jdks\temurin-17.0.6\bin\verify.dll
0x00007ff947da0000 - 0x00007ff947da9000 	C:\Users\Test\.jdks\temurin-17.0.6\bin\management.dll
0x00007ff946780000 - 0x00007ff94678b000 	C:\Users\Test\.jdks\temurin-17.0.6\bin\management_ext.dll
0x00007ff961060000 - 0x00007ff961068000 	C:\WINDOWS\System32\PSAPI.DLL
0x00007ff8bd950000 - 0x00007ff8bd967000 	C:\WINDOWS\system32\napinsp.dll
0x00007ff8ba070000 - 0x00007ff8ba08b000 	C:\WINDOWS\system32\pnrpnsp.dll
0x00007ff95e660000 - 0x00007ff95e752000 	C:\WINDOWS\SYSTEM32\DNSAPI.dll
0x00007ff95e630000 - 0x00007ff95e65d000 	C:\WINDOWS\SYSTEM32\IPHLPAPI.DLL
0x00007ff961050000 - 0x00007ff961059000 	C:\WINDOWS\System32\NSI.dll
0x00007ff8ba050000 - 0x00007ff8ba061000 	C:\WINDOWS\System32\winrnr.dll
0x00007ff9598b0000 - 0x00007ff9598c5000 	C:\WINDOWS\system32\wshbth.dll
0x00007ff942000000 - 0x00007ff942021000 	C:\WINDOWS\system32\nlansp_c.dll
0x00007ff956630000 - 0x00007ff95663a000 	C:\Windows\System32\rasadhlp.dll
0x00007ff958150000 - 0x00007ff9581d3000 	C:\WINDOWS\System32\fwpuclnt.dll
0x00007ff95f310000 - 0x00007ff95f32b000 	C:\WINDOWS\SYSTEM32\CRYPTSP.dll
0x00007ff95eb00000 - 0x00007ff95eb35000 	C:\WINDOWS\system32\rsaenh.dll
0x00007ff95f090000 - 0x00007ff95f0b8000 	C:\WINDOWS\SYSTEM32\USERENV.dll
0x00007ff95f450000 - 0x00007ff95f478000 	C:\WINDOWS\SYSTEM32\bcrypt.dll
0x00007ff95f2f0000 - 0x00007ff95f2fc000 	C:\WINDOWS\SYSTEM32\CRYPTBASE.dll
0x00007ff959360000 - 0x00007ff959379000 	C:\WINDOWS\SYSTEM32\dhcpcsvc6.DLL
0x00007ff958f30000 - 0x00007ff958f4f000 	C:\WINDOWS\SYSTEM32\dhcpcsvc.DLL
0x00007ff93fba0000 - 0x00007ff93fbe5000 	C:\Users\Test\AppData\Local\Temp\jna-2603186\jna7044113362183485945.dll
0x00007ff961870000 - 0x00007ff961a0c000 	C:\WINDOWS\System32\Ole32.dll
0x00007ff960d40000 - 0x00007ff960df7000 	C:\WINDOWS\System32\clbcatq.dll
0x00007ff952970000 - 0x00007ff95298d000 	C:\WINDOWS\SYSTEM32\amsi.dll
0x00007ff952880000 - 0x00007ff9528fb000 	C:\ProgramData\Microsoft\Windows Defender\Platform\4.18.2211.5-0\MpOav.dll
0x00007ff95cdb0000 - 0x00007ff95ce00000 	C:\WINDOWS\SYSTEM32\Pdh.dll
0x00007ff933ac0000 - 0x00007ff933ad0000 	C:\WINDOWS\System32\perfos.dll
0x00007ff95d140000 - 0x00007ff95d150000 	C:\WINDOWS\SYSTEM32\pfclient.dll
0x00007ff933cc0000 - 0x00007ff933d35000 	C:\Users\Test\AppData\Local\Temp\lwjglTest\3.3.1-build-7\lwjgl.dll
0x00007ff8eb8b0000 - 0x00007ff8ebb09000 	C:\Users\Test\AppData\Local\Temp\lwjglTest\3.3.1-build-7\jemalloc.dll
0x00007ff932ab0000 - 0x00007ff932b11000 	C:\Users\Test\AppData\Local\Temp\lwjglTest\3.3.1-build-7\glfw.dll
0x00007ff933c70000 - 0x00007ff933cb6000 	C:\WINDOWS\SYSTEM32\dinput8.dll
0x00007ff939e50000 - 0x00007ff939e61000 	C:\WINDOWS\SYSTEM32\xinput1_4.dll
0x00007ff95f740000 - 0x00007ff95f78e000 	C:\WINDOWS\SYSTEM32\cfgmgr32.dll
0x00007ff95f790000 - 0x00007ff95f7c3000 	C:\WINDOWS\SYSTEM32\DEVOBJ.dll
0x00007ff95d2c0000 - 0x00007ff95d2eb000 	C:\WINDOWS\SYSTEM32\dwmapi.dll
0x00007ff94b700000 - 0x00007ff94b901000 	C:\WINDOWS\SYSTEM32\inputhost.dll
0x00007ff95cac0000 - 0x00007ff95cbf3000 	C:\WINDOWS\SYSTEM32\CoreMessaging.dll
0x00007ff95d030000 - 0x00007ff95d0db000 	C:\WINDOWS\system32\uxtheme.dll
0x00007ff9608e0000 - 0x00007ff9609fe000 	C:\WINDOWS\System32\MSCTF.dll
0x00007ff90b240000 - 0x00007ff90b340000 	C:\WINDOWS\SYSTEM32\opengl32.dll
0x00007ff913d50000 - 0x00007ff913d7d000 	C:\WINDOWS\SYSTEM32\GLU32.dll
0x00007ff95d170000 - 0x00007ff95d1a6000 	C:\WINDOWS\SYSTEM32\dxcore.dll
0x00007ff941810000 - 0x00007ff94183d000 	C:\WINDOWS\System32\DriverStore\FileRepository\u0384804.inf_amd64_41ca4ca6939f5e56\B384763\atig6pxx.dll
0x00007ff8cf430000 - 0x00007ff8d3065000 	C:\WINDOWS\System32\DriverStore\FileRepository\u0384804.inf_amd64_41ca4ca6939f5e56\B384763\atio6axx.dll
0x00007ff960460000 - 0x00007ff9608da000 	C:\WINDOWS\System32\SETUPAPI.dll
0x00007ff960090000 - 0x00007ff9600fb000 	C:\WINDOWS\System32\WINTRUST.dll
0x00007ff9602f0000 - 0x00007ff960456000 	C:\WINDOWS\System32\CRYPT32.dll
0x00007ff95f360000 - 0x00007ff95f372000 	C:\WINDOWS\SYSTEM32\MSASN1.dll

dbghelp: loaded successfully - version: 4.0.5 - missing functions: none
symbol engine: initialized successfully - sym options: 0x614 - pdb path: .;C:\Users\Test\.jdks\temurin-17.0.6\bin;C:\WINDOWS\SYSTEM32;C:\WINDOWS\WinSxS\amd64_microsoft.windows.common-controls_6595b64144ccf1df_6.0.22621.608_none_a9444ca7c10bb01d;C:\Users\Test\.jdks\temurin-17.0.6\bin\server;C:\Program Files\JetBrains\IntelliJ IDEA Community Edition 2022.3.1\bin;C:\Users\Test\AppData\Local\Temp\jna-2603186;C:\ProgramData\Microsoft\Windows Defender\Platform\4.18.2211.5-0;C:\Users\Test\AppData\Local\Temp\lwjglTest\3.3.1-build-7;C:\WINDOWS\System32\DriverStore\FileRepository\u0384804.inf_amd64_41ca4ca6939f5e56\B384763

VM Arguments:
jvm_args: -Dforge.logging.console.level=debug -Dforge.logging.markers=REGISTRIES -DlegacyClassPath.file=C:\Users\Test\Documents\GrinnersMobs\build\classpath\runClient_minecraftClasspath.txt -DignoreList=bootstraplauncher,securejarhandler,asm-commons,asm-util,asm-analysis,asm-tree,asm,JarJarFileSystems,client-extra,fmlcore,javafmllanguage,lowcodelanguage,mclanguage,forge- -DmergeModules=jna-5.10.0.jar,jna-platform-5.10.0.jar -Dforge.enabledGameTestNamespaces=grinnersmobs -Dforge.enableGameTest=true -Djava.net.preferIPv6Addresses=system --module-path=C:\Users\Test\.gradle\caches\modules-2\files-2.1\cpw.mods\bootstraplauncher\1.1.2\c546e00443d8432cda6baa1c860346980742628\bootstraplauncher-1.1.2.jar;C:\Users\Test\.gradle\caches\modules-2\files-2.1\cpw.mods\securejarhandler\2.1.4\f47e3b9dd860a7b82154b8f90a650ffd0aaa5582\securejarhandler-2.1.4.jar;C:\Users\Test\.gradle\caches\modules-2\files-2.1\org.ow2.asm\asm-commons\9.3\1f2a432d1212f5c352ae607d7b61dcae20c20af5\asm-commons-9.3.jar;C:\Users\Test\.gradle\caches\modules-2\files-2.1\org.ow2.asm\asm-util\9.3\9595bc05510d0bd4b610188b77333fe4851a1975\asm-util-9.3.jar;C:\Users\Test\.gradle\caches\modules-2\files-2.1\org.ow2.asm\asm-analysis\9.3\4b071f211b37c38e0e9f5998550197c8593f6ad8\asm-analysis-9.3.jar;C:\Users\Test\.gradle\caches\modules-2\files-2.1\org.ow2.asm\asm-tree\9.3\78d2ecd61318b5a58cd04fb237636c0e86b77d97\asm-tree-9.3.jar;C:\Users\Test\.gradle\caches\modules-2\files-2.1\org.ow2.asm\asm\9.3\8e6300ef51c1d801a7ed62d07cd221aca3a90640\asm-9.3.jar;C:\Users\Test\.gradle\caches\modules-2\files-2.1\net.minecraftforge\JarJarFileSystems\0.3.16\e52afbb2599dc7c6f779efea0496d32fc01152e3\JarJarFileSystems-0.3.16.jar --add-modules=ALL-MODULE-PATH --add-opens=java.base/java.util.jar=cpw.mods.securejarhandler --add-opens=java.base/java.lang.invoke=cpw.mods.securejarhandler --add-exports=java.base/sun.security.util=cpw.mods.securejarhandler --add-exports=jdk.naming.dns/com.sun.jndi.dns=java.naming -XX:HeapDumpPath=MojangTricksIntelDriversForPerformance_javaw.exe_minecraft.exe.heapdump -Dos.name=Windows 10 -Dos.version=10.0 -javaagent:C:\Program Files\JetBrains\IntelliJ IDEA Community Edition 2022.3.1\lib\idea_rt.jar=62278:C:\Program Files\JetBrains\IntelliJ IDEA Community Edition 2022.3.1\bin -Dfile.encoding=UTF-8 
java_command: cpw.mods.bootstraplauncher.BootstrapLauncher --launchTarget forgeclientuserdev --version MOD_DEV --assetIndex 1.19 --assetsDir C:\Users\Test\.gradle\caches\forge_gradle\assets --gameDir . --fml.forgeVersion 43.2.0 --fml.mcVersion 1.19.2 --fml.forgeGroup net.minecraftforge --fml.mcpVersion 20220805.130853
java_class_path (initial): C:\Users\Test\Documents\GrinnersMobs\build\classes\java\main;C:\Users\Test\Documents\GrinnersMobs\build\resources\main;C:\Users\Test\.gradle\caches\forge_gradle\deobf_dependencies\software\bernie\geckolib\geckolib-forge-1.19\3.1.38_mapped_official_1.19.2\geckolib-forge-1.19-3.1.38_mapped_official_1.19.2.jar;C:\Users\Test\.gradle\caches\forge_gradle\minecraft_user_repo\net\minecraftforge\forge\1.19.2-43.2.0_mapped_official_1.19.2\forge-1.19.2-43.2.0_mapped_official_1.19.2-recomp.jar;C:\Users\Test\.gradle\caches\forge_gradle\minecraft_repo\versions\1.19.2\client-extra.jar;C:\Users\Test\.gradle\caches\modules-2\files-2.1\net.minecraftforge\fmlloader\1.19.2-43.2.0\3e6e8b7b5e1dbc6ee01a20f74675f223b64c7847\fmlloader-1.19.2-43.2.0.jar;C:\Users\Test\.gradle\caches\modules-2\files-2.1\net.minecraftforge\JarJarSelector\0.3.16\2a31421fb5e267249da103a644f23afb43d158af\JarJarSelector-0.3.16.jar;C:\Users\Test\.gradle\caches\modules-2\files-2.1\net.minecraftforge\JarJarMetadata\0.3.16\f62c8c898dffc8666f5097a8587ed72095e8e83a\JarJarMetadata-0.3.16.jar;C:\Users\Test\.gradle\caches\modules-2\files-2.1\com.google.code.findbugs\jsr305\3.0.2\25ea2e8b0c338a877313bd4672d3fe056ea78f0d\jsr305-3.0.2.jar;C:\Users\Test\.gradle\caches\modules-2\files-2.1\ca.weblite\java-objc-bridge\1.1\1227f9e0666314f9de41477e3ec277e542ed7f7b\java-objc-bridge-1.1.jar;C:\Users\Test\.gradle\caches\modules-2\files-2.1\net.minecraftforge\mergetool\1.1.5\f3da18e12c696d35a47c82cbb2cc8b5aa15e1154\mergetool-1.1.5-api.jar;C:\Users\Test\.gradle\caches\modules-2\files-2.1\org.jetbrains\annotations\23.0.0\8cc20c07506ec18e0834947b84a864bfc094484e\annotations-23.0.0.jar;C:\Users\Test\.gradle\caches\modules-2\files-2.1\cpw.mods\securejarhandler\2.1.4\f47e3b9dd860a7b82154b8f90a650ffd0aaa5582\securejarhandler-2.1.4.jar;C:\Users\Test\.gradle\caches\modules-2\files-2.1\cpw.mods\modlauncher\10.0.8\658c4ddb704aeeaa94ff3e668785a5eebddd0cb5\modlauncher-10.0.8.jar;C:\Users\Test\.gradle\caches\modules-2\fil
Launcher Type: SUN_STANDARD

[Global flags]
     intx CICompilerCount                          = 12                                        {product} {ergonomic}
     uint ConcGCThreads                            = 3                                         {product} {ergonomic}
     uint G1ConcRefinementThreads                  = 13                                        {product} {ergonomic}
   size_t G1HeapRegionSize                         = 4194304                                   {product} {ergonomic}
    uintx GCDrainStackTargetSize                   = 64                                        {product} {ergonomic}
    ccstr HeapDumpPath                             = MojangTricksIntelDriversForPerformance_javaw.exe_minecraft.exe.heapdump         {manageable} {command line}
   size_t InitialHeapSize                          = 536870912                                 {product} {ergonomic}
   size_t MarkStackSize                            = 4194304                                   {product} {ergonomic}
   size_t MaxHeapSize                              = 8577351680                                {product} {ergonomic}
   size_t MaxNewSize                               = 5146411008                                {product} {ergonomic}
   size_t MinHeapDeltaBytes                        = 4194304                                   {product} {ergonomic}
   size_t MinHeapSize                              = 8388608                                   {product} {ergonomic}
    uintx NonNMethodCodeHeapSize                   = 7602480                                {pd product} {ergonomic}
    uintx NonProfiledCodeHeapSize                  = 122027880                              {pd product} {ergonomic}
    uintx ProfiledCodeHeapSize                     = 122027880                              {pd product} {ergonomic}
    uintx ReservedCodeCacheSize                    = 251658240                              {pd product} {ergonomic}
     bool SegmentedCodeCache                       = true                                      {product} {ergonomic}
   size_t SoftMaxHeapSize                          = 8577351680                             {manageable} {ergonomic}
     bool UseCompressedClassPointers               = true                           {product lp64_product} {ergonomic}
     bool UseCompressedOops                        = true                           {product lp64_product} {ergonomic}
     bool UseG1GC                                  = true                                      {product} {ergonomic}
     bool UseLargePagesIndividualAllocation        = false                                  {pd product} {ergonomic}

Logging:
Log output configuration:
 #0: stdout all=warning uptime,level,tags
 #1: stderr all=off uptime,level,tags

Environment Variables:
JAVA_HOME=C:\Program Files\Eclipse Adoptium\jdk-17.0.5.8-hotspot\
PATH=C:\Program Files\Eclipse Adoptium\jdk-17.0.5.8-hotspot\bin;C:\Program Files\Common Files\Oracle\Java\javapath;C:\Program Files (x86)\Common Files\Oracle\Java\javapath;C:\WINDOWS\system32;C:\WINDOWS;C:\WINDOWS\System32\Wbem;C:\WINDOWS\System32\WindowsPowerShell\v1.0\;C:\WINDOWS\System32\OpenSSH\;C:\Program Files\dotnet\;C:\Users\Test\AppData\Local\Microsoft\WindowsApps;;C:\Program Files\JetBrains\IntelliJ IDEA Community Edition 2022.3.1\bin;
USERNAME=Test
OS=Windows_NT
PROCESSOR_IDENTIFIER=AMD64 Family 23 Model 113 Stepping 0, AuthenticAMD
TMP=C:\Users\Test\AppData\Local\Temp
TEMP=C:\Users\Test\AppData\Local\Temp



---------------  S Y S T E M  ---------------

OS:
 Windows 11 , 64 bit Build 22621 (10.0.22621.1105)
OS uptime: 0 days 1:04 hours
Hyper-V role detected

CPU: total 16 (initial active 16) (16 cores per cpu, 2 threads per core) family 23 model 113 stepping 0 microcode 0x0, cx8, cmov, fxsr, ht, mmx, 3dnowpref, sse, sse2, sse3, ssse3, sse4a, sse4.1, sse4.2, popcnt, lzcnt, tsc, tscinvbit, avx, avx2, aes, clmul, bmi1, bmi2, adx, sha, fma, vzeroupper, clflush, clflushopt, hv

Memory: 4k page, system-wide physical 32716M (17061M free)
TotalPageFile size 40908M (AvailPageFile size 20742M)
current process WorkingSet (physical memory assigned to process): 630M, peak: 674M
current process commit charge ("private bytes"): 714M, peak: 823M

vm_info: OpenJDK 64-Bit Server VM (17.0.6+10) for windows-amd64 JRE (17.0.6+10), built on Jan 18 2023 10:08:59 by "temurin" with MS VC++ 16.7 (VS2019)

END.
